This file contains any messages produced by compilers while
running configure, to aid debugging if configure makes a mistake.

It was created by configure, which was
generated by GNU Autoconf 2.57.  Invocation command line was

  $ ./configure CC=/usr/bin/gcc CXX=/usr/bin/g++ CFLAGS=-g3 -gdwarf-2 CXXFLAGS=-g3 -gdwarf-2

## --------- ##
## Platform. ##
## --------- ##

hostname = bibi-machine
uname -m = i686
uname -r = 3.13.0-35-generic
uname -s = Linux
uname -v = #62-Ubuntu SMP Fri Aug 15 01:58:01 UTC 2014

/usr/bin/uname -p = unknown
/bin/uname -X     = unknown

/bin/arch              = unknown
/usr/bin/arch -k       = unknown
/usr/convex/getsysinfo = unknown
hostinfo               = unknown
/bin/machine           = unknown
/usr/bin/oslevel       = unknown
/bin/universe          = unknown

PATH: /usr/bin
PATH: /usr/local/sbin
PATH: /usr/local/bin
PATH: /usr/sbin
PATH: /usr/bin
PATH: /sbin
PATH: /bin
PATH: /usr/games
PATH: /usr/local/games


## ----------- ##
## Core tests. ##
## ----------- ##

configure:1276: checking for a BSD-compatible install
configure:1330: result: /usr/bin/install -c
configure:1341: checking whether build environment is sane
configure:1384: result: yes
configure:1417: checking for gawk
configure:1446: result: no
configure:1417: checking for mawk
configure:1433: found /usr/bin/mawk
configure:1443: result: mawk
configure:1453: checking whether make sets $(MAKE)
configure:1473: result: yes
configure:1683: checking for gcc
configure:1709: result: /usr/bin/gcc
configure:1953: checking for C compiler version
configure:1956: /usr/bin/gcc --version </dev/null >&5
gcc (Ubuntu 4.8.2-19ubuntu1) 4.8.2
Copyright (C) 2013 Free Software Foundation, Inc.
This is free software; see the source for copying conditions.  There is NO
warranty; not even for MERCHANTABILITY or FITNESS FOR A PARTICULAR PURPOSE.

configure:1959: $? = 0
configure:1961: /usr/bin/gcc -v </dev/null >&5
Using built-in specs.
COLLECT_GCC=/usr/bin/gcc
COLLECT_LTO_WRAPPER=/usr/lib/gcc/i686-linux-gnu/4.8/lto-wrapper
Target: i686-linux-gnu
Configured with: ../src/configure -v --with-pkgversion='Ubuntu 4.8.2-19ubuntu1' --with-bugurl=file:///usr/share/doc/gcc-4.8/README.Bugs --enable-languages=c,c++,java,go,d,fortran,objc,obj-c++ --prefix=/usr --program-suffix=-4.8 --enable-shared --enable-linker-build-id --libexecdir=/usr/lib --without-included-gettext --enable-threads=posix --with-gxx-include-dir=/usr/include/c++/4.8 --libdir=/usr/lib --enable-nls --with-sysroot=/ --enable-clocale=gnu --enable-libstdcxx-debug --enable-libstdcxx-time=yes --enable-gnu-unique-object --disable-libmudflap --enable-plugin --with-system-zlib --disable-browser-plugin --enable-java-awt=gtk --enable-gtk-cairo --with-java-home=/usr/lib/jvm/java-1.5.0-gcj-4.8-i386/jre --enable-java-home --with-jvm-root-dir=/usr/lib/jvm/java-1.5.0-gcj-4.8-i386 --with-jvm-jar-dir=/usr/lib/jvm-exports/java-1.5.0-gcj-4.8-i386 --with-arch-directory=i386 --with-ecj-jar=/usr/share/java/eclipse-ecj.jar --enable-objc-gc --enable-targets=all --enable-multiarch --disable-werror --with-arch-32=i686 --with-multilib-list=m32,m64,mx32 --with-tune=generic --enable-checking=release --build=i686-linux-gnu --host=i686-linux-gnu --target=i686-linux-gnu
Thread model: posix
gcc version 4.8.2 (Ubuntu 4.8.2-19ubuntu1) 
configure:1964: $? = 0
configure:1966: /usr/bin/gcc -V </dev/null >&5
gcc: error: unrecognized command line option '-V'
gcc: fatal error: no input files
compilation terminated.
configure:1969: $? = 4
configure:1993: checking for C compiler default output
configure:1996: /usr/bin/gcc -g3 -gdwarf-2   conftest.c  >&5
configure:1999: $? = 0
configure:2045: result: a.out
configure:2050: checking whether the C compiler works
configure:2056: ./a.out
configure:2059: $? = 0
configure:2076: result: yes
configure:2083: checking whether we are cross compiling
configure:2085: result: no
configure:2088: checking for suffix of executables
configure:2090: /usr/bin/gcc -o conftest -g3 -gdwarf-2   conftest.c  >&5
configure:2093: $? = 0
configure:2118: result: 
configure:2124: checking for suffix of object files
configure:2146: /usr/bin/gcc -c -g3 -gdwarf-2  conftest.c >&5
configure:2149: $? = 0
configure:2171: result: o
configure:2175: checking whether we are using the GNU C compiler
configure:2200: /usr/bin/gcc -c -g3 -gdwarf-2  conftest.c >&5
configure:2203: $? = 0
configure:2206: test -s conftest.o
configure:2209: $? = 0
configure:2222: result: yes
configure:2228: checking whether /usr/bin/gcc accepts -g
configure:2250: /usr/bin/gcc -c -g  conftest.c >&5
configure:2253: $? = 0
configure:2256: test -s conftest.o
configure:2259: $? = 0
configure:2270: result: yes
configure:2287: checking for /usr/bin/gcc option to accept ANSI C
configure:2348: /usr/bin/gcc  -c -g3 -gdwarf-2  conftest.c >&5
configure:2351: $? = 0
configure:2354: test -s conftest.o
configure:2357: $? = 0
configure:2375: result: none needed
configure:2393: /usr/bin/gcc -c -g3 -gdwarf-2  conftest.c >&5
conftest.c:2:3: error: unknown type name 'choke'
   choke me
   ^
conftest.c:2:3: error: expected '=', ',', ';', 'asm' or '__attribute__' at end of input
configure:2396: $? = 1
configure: failed program was:
| #ifndef __cplusplus
|   choke me
| #endif
configure:2516: checking for style of include used by make
configure:2544: result: GNU
configure:2572: checking dependency style of /usr/bin/gcc
configure:2655: result: gcc3
configure:2678: checking how to run the C preprocessor
configure:2714: /usr/bin/gcc -E  conftest.c
configure:2720: $? = 0
configure:2752: /usr/bin/gcc -E  conftest.c
configure:2753:28: fatal error: ac_nonexistent.h: No such file or directory
   (eval $ac_cpp conftest.$ac_ext) 2>conftest.er1
                            ^
compilation terminated.
configure:2758: $? = 1
configure: failed program was:
| #line 2743 "configure"
| /* confdefs.h.  */
| 
| #define PACKAGE_NAME ""
| #define PACKAGE_TARNAME ""
| #define PACKAGE_VERSION ""
| #define PACKAGE_STRING ""
| #define PACKAGE_BUGREPORT ""
| #define PACKAGE "wmctrl"
| #define VERSION "1.07"
| /* end confdefs.h.  */
| #include <ac_nonexistent.h>
configure:2796: result: /usr/bin/gcc -E
configure:2821: /usr/bin/gcc -E  conftest.c
configure:2827: $? = 0
configure:2859: /usr/bin/gcc -E  conftest.c
configure:2860:28: fatal error: ac_nonexistent.h: No such file or directory
   (eval $ac_cpp conftest.$ac_ext) 2>conftest.er1
                            ^
compilation terminated.
configure:2865: $? = 1
configure: failed program was:
| #line 2850 "configure"
| /* confdefs.h.  */
| 
| #define PACKAGE_NAME ""
| #define PACKAGE_TARNAME ""
| #define PACKAGE_VERSION ""
| #define PACKAGE_STRING ""
| #define PACKAGE_BUGREPORT ""
| #define PACKAGE "wmctrl"
| #define VERSION "1.07"
| /* end confdefs.h.  */
| #include <ac_nonexistent.h>
configure:2908: checking for X
configure:3014: /usr/bin/gcc -E  conftest.c
configure:3015:27: fatal error: X11/Intrinsic.h: No such file or directory
   (eval $ac_cpp conftest.$ac_ext) 2>conftest.er1
                           ^
compilation terminated.
configure:3020: $? = 1
configure: failed program was:
| #line 3005 "configure"
| /* confdefs.h.  */
| 
| #define PACKAGE_NAME ""
| #define PACKAGE_TARNAME ""
| #define PACKAGE_VERSION ""
| #define PACKAGE_STRING ""
| #define PACKAGE_BUGREPORT ""
| #define PACKAGE "wmctrl"
| #define VERSION "1.07"
| /* end confdefs.h.  */
| #include <X11/Intrinsic.h>
configure:3070: /usr/bin/gcc -o conftest -g3 -gdwarf-2   conftest.c -lXt  >&5
configure:3063:27: fatal error: X11/Intrinsic.h: No such file or directory
 {
                           ^
compilation terminated.
configure:3073: $? = 1
configure: failed program was:
| #line 3053 "configure"
| /* confdefs.h.  */
| 
| #define PACKAGE_NAME ""
| #define PACKAGE_TARNAME ""
| #define PACKAGE_VERSION ""
| #define PACKAGE_STRING ""
| #define PACKAGE_BUGREPORT ""
| #define PACKAGE "wmctrl"
| #define VERSION "1.07"
| /* end confdefs.h.  */
| #include <X11/Intrinsic.h>
| int
| main ()
| {
| XtMalloc (0)
|   ;
|   return 0;
| }
configure:3118: result: no
configure:4130: checking for pkg-config
configure:4148: found /usr/bin/pkg-config
configure:4161: result: /usr/bin/pkg-config
configure:4184: checking for GLIB - version >= 2.0.0
configure:4304: /usr/bin/gcc -o conftest -g3 -gdwarf-2 -I/usr/include/glib-2.0 -I/usr/lib/i386-linux-gnu/glib-2.0/include     conftest.c -lglib-2.0    >&5
configure:4307: $? = 0
configure:4309: ./conftest
configure:4312: $? = 0
configure:4330: result: yes (version 2.40.0)
configure:4555: creating ./config.status

## ---------------------- ##
## Running config.status. ##
## ---------------------- ##

This file was extended by config.status, which was
generated by GNU Autoconf 2.57.  Invocation command line was

  CONFIG_FILES    = 
  CONFIG_HEADERS  = 
  CONFIG_LINKS    = 
  CONFIG_COMMANDS = 
  $ ./config.status 

on bibi-machine

config.status:653: creating Makefile
config.status:778: executing depfiles commands

## ---------------- ##
## Cache variables. ##
## ---------------- ##

ac_cv_c_compiler_gnu=yes
ac_cv_env_CC_set=set
ac_cv_env_CC_value=/usr/bin/gcc
ac_cv_env_CFLAGS_set=set
ac_cv_env_CFLAGS_value='-g3 -gdwarf-2'
ac_cv_env_CPPFLAGS_set=
ac_cv_env_CPPFLAGS_value=
ac_cv_env_CPP_set=
ac_cv_env_CPP_value=
ac_cv_env_LDFLAGS_set=
ac_cv_env_LDFLAGS_value=
ac_cv_env_build_alias_set=
ac_cv_env_build_alias_value=
ac_cv_env_host_alias_set=
ac_cv_env_host_alias_value=
ac_cv_env_target_alias_set=
ac_cv_env_target_alias_value=
ac_cv_exeext=
ac_cv_have_x=have_x=no
ac_cv_objext=o
ac_cv_path_PKG_CONFIG=/usr/bin/pkg-config
ac_cv_path_install='/usr/bin/install -c'
ac_cv_prog_AWK=mawk
ac_cv_prog_CPP='/usr/bin/gcc -E'
ac_cv_prog_ac_ct_CC=/usr/bin/gcc
ac_cv_prog_cc_g=yes
ac_cv_prog_cc_stdc=
ac_cv_prog_make_make_set=yes
am_cv_CC_dependencies_compiler_type=gcc3

## ----------------- ##
## Output variables. ##
## ----------------- ##

ACLOCAL='${SHELL} /home/bibi/NetBeansProjects/wmctrl-fork/missing --run aclocal-1.7'
AMDEPBACKSLASH='\'
AMDEP_FALSE='#'
AMDEP_TRUE=''
AMTAR='${SHELL} /home/bibi/NetBeansProjects/wmctrl-fork/missing --run tar'
AUTOCONF='${SHELL} /home/bibi/NetBeansProjects/wmctrl-fork/missing --run autoconf'
AUTOHEADER='${SHELL} /home/bibi/NetBeansProjects/wmctrl-fork/missing --run autoheader'
AUTOMAKE='${SHELL} /home/bibi/NetBeansProjects/wmctrl-fork/missing --run automake-1.7'
AWK='mawk'
CC='/usr/bin/gcc'
CCDEPMODE='depmode=gcc3'
CFLAGS='-g3 -gdwarf-2'
CPP='/usr/bin/gcc -E'
CPPFLAGS=''
CYGPATH_W='echo'
DEFS='-DPACKAGE_NAME=\"\" -DPACKAGE_TARNAME=\"\" -DPACKAGE_VERSION=\"\" -DPACKAGE_STRING=\"\" -DPACKAGE_BUGREPORT=\"\" -DPACKAGE=\"wmctrl\" -DVERSION=\"1.07\" -DX_DISPLAY_MISSING=1 '
DEPDIR='.deps'
ECHO_C=''
ECHO_N='-n'
ECHO_T=''
EXEEXT=''
GLIB_CFLAGS='-I/usr/include/glib-2.0 -I/usr/lib/i386-linux-gnu/glib-2.0/include  '
GLIB_GENMARSHAL='glib-genmarshal'
GLIB_LIBS='-lglib-2.0  '
GLIB_MKENUMS='glib-mkenums'
GOBJECT_QUERY='gobject-query'
INSTALL_DATA='${INSTALL} -m 644'
INSTALL_PROGRAM='${INSTALL}'
INSTALL_SCRIPT='${INSTALL}'
INSTALL_STRIP_PROGRAM='${SHELL} $(install_sh) -c -s'
LDFLAGS=''
LIBOBJS=''
LIBS=''
LTLIBOBJS=''
MAKEINFO='${SHELL} /home/bibi/NetBeansProjects/wmctrl-fork/missing --run makeinfo'
OBJEXT='o'
PACKAGE='wmctrl'
PACKAGE_BUGREPORT=''
PACKAGE_NAME=''
PACKAGE_STRING=''
PACKAGE_TARNAME=''
PACKAGE_VERSION=''
PATH_SEPARATOR=':'
PKG_CONFIG='/usr/bin/pkg-config'
SET_MAKE=''
SHELL='/bin/bash'
STRIP=''
VERSION='1.07'
X_CFLAGS=''
X_EXTRA_LIBS=''
X_LIBS=''
X_PRE_LIBS=''
ac_ct_CC='/usr/bin/gcc'
ac_ct_STRIP=''
am__fastdepCC_FALSE='#'
am__fastdepCC_TRUE=''
am__include='include'
am__leading_dot='.'
am__quote=''
bindir='${exec_prefix}/bin'
build_alias=''
datadir='${prefix}/share'
exec_prefix='${prefix}'
host_alias=''
includedir='${prefix}/include'
infodir='${prefix}/info'
install_sh='/home/bibi/NetBeansProjects/wmctrl-fork/install-sh'
libdir='${exec_prefix}/lib'
libexecdir='${exec_prefix}/libexec'
localstatedir='${prefix}/var'
mandir='${prefix}/man'
oldincludedir='/usr/include'
prefix='/usr/local'
program_transform_name='s,x,x,'
sbindir='${exec_prefix}/sbin'
sharedstatedir='${prefix}/com'
sysconfdir='${prefix}/etc'
target_alias=''

## ----------- ##
## confdefs.h. ##
## ----------- ##

#define PACKAGE "wmctrl"
#define PACKAGE_BUGREPORT ""
#define PACKAGE_NAME ""
#define PACKAGE_STRING ""
#define PACKAGE_TARNAME ""
#define PACKAGE_VERSION ""
#define VERSION "1.07"
#define X_DISPLAY_MISSING 1

configure: exit 0
